<?xml version="1.0" encoding="UTF-8"?>
<!-- Generated by org.testng.reporters.JUnitReportReporter -->
<testsuite hostname="LAPTOP-EDI4L8M8" failures="0" tests="1" name="testcasepackage.LoginTestcase" time="4.246" errors="0" timestamp="2024-10-01T19:11:52 IST" skipped="0">
  <testcase classname="testcasepackage.LoginTestcase" name="setup" time="4.246"/>
</testsuite> <!-- testcasepackage.LoginTestcase -->
